Copyright 1986-2017 Xilinx, Inc. All Rights Reserved.
------------------------------------------------------------------------------------
| Tool Version : Vivado v.2017.4 (win64) Build 2086221 Fri Dec 15 20:55:39 MST 2017
| Date         : Mon Sep 28 09:57:27 2020
| Host         : DESKTOP-98SOI2D running 64-bit major release  (build 9200)
| Command      : upgrade_ip
| Device       : xc7z020clg484-1
------------------------------------------------------------------------------------

Upgrade Log for IP 'zynqWithWifiExp_myipBCM_0_0'

1. Summary
----------

SUCCESS in the upgrade of zynqWithWifiExp_myipBCM_0_0 (xilinx.com:user:myipBCM:1.1) from (Rev. 6) to (Rev. 7)






Copyright 1986-2017 Xilinx, Inc. All Rights Reserved.
------------------------------------------------------------------------------------
| Tool Version : Vivado v.2017.4 (win64) Build 2086221 Fri Dec 15 20:55:39 MST 2017
| Date         : Mon Sep 28 03:27:35 2020
| Host         : DESKTOP-98SOI2D running 64-bit major release  (build 9200)
| Command      : upgrade_ip
| Device       : xc7z020clg484-1
------------------------------------------------------------------------------------

Upgrade Log for IP 'zynqWithWifiExp_myipBCM_0_0'

1. Summary
----------

SUCCESS in the upgrade of zynqWithWifiExp_myipBCM_0_0 (xilinx.com:user:myipBCM:1.1) from (Rev. 5) to (Rev. 6)






Copyright 1986-2017 Xilinx, Inc. All Rights Reserved.
------------------------------------------------------------------------------------
| Tool Version : Vivado v.2017.4 (win64) Build 2086221 Fri Dec 15 20:55:39 MST 2017
| Date         : Mon Sep 28 02:53:58 2020
| Host         : DESKTOP-98SOI2D running 64-bit major release  (build 9200)
| Command      : upgrade_ip
| Device       : xc7z020clg484-1
------------------------------------------------------------------------------------

Upgrade Log for IP 'zynqWithWifiExp_myipBCM_0_0'

1. Summary
----------

SUCCESS in the upgrade of zynqWithWifiExp_myipBCM_0_0 (xilinx.com:user:myipBCM:1.1) from (Rev. 4) to (Rev. 5)






Copyright 1986-2017 Xilinx, Inc. All Rights Reserved.
------------------------------------------------------------------------------------
| Tool Version : Vivado v.2017.4 (win64) Build 2086221 Fri Dec 15 20:55:39 MST 2017
| Date         : Sun Sep 27 23:48:52 2020
| Host         : DESKTOP-98SOI2D running 64-bit major release  (build 9200)
| Command      : upgrade_ip
| Device       : xc7z020clg484-1
------------------------------------------------------------------------------------

Upgrade Log for IP 'zynqWithWifiExp_myipBCM_0_0'

1. Summary
----------

SUCCESS in the upgrade of zynqWithWifiExp_myipBCM_0_0 (xilinx.com:user:myipBCM:1.1) from (Rev. 3) to (Rev. 4)






Copyright 1986-2017 Xilinx, Inc. All Rights Reserved.
------------------------------------------------------------------------------------
| Tool Version : Vivado v.2017.4 (win64) Build 2086221 Fri Dec 15 20:55:39 MST 2017
| Date         : Sun Sep 27 23:13:35 2020
| Host         : DESKTOP-98SOI2D running 64-bit major release  (build 9200)
| Command      : upgrade_ip
| Device       : xc7z020clg484-1
------------------------------------------------------------------------------------

Upgrade Log for IP 'zynqWithWifiExp_myipBCM_0_0'

1. Summary
----------

SUCCESS in the upgrade of zynqWithWifiExp_myipBCM_0_0 (xilinx.com:user:myipBCM:1.1) from (Rev. 2) to (Rev. 3)






Copyright 1986-2017 Xilinx, Inc. All Rights Reserved.
------------------------------------------------------------------------------------
| Tool Version : Vivado v.2017.4 (win64) Build 2086221 Fri Dec 15 20:55:39 MST 2017
| Date         : Sun Sep 27 18:23:31 2020
| Host         : DESKTOP-98SOI2D running 64-bit major release  (build 9200)
| Command      : upgrade_ip
| Device       : xc7z020clg484-1
------------------------------------------------------------------------------------

Upgrade Log for IP 'zynqWithWifiExp_myipBCM_0_0'

1. Summary
----------

SUCCESS in the upgrade of zynqWithWifiExp_myipBCM_0_0 (xilinx.com:user:myipBCM:1.1) from (Rev. 1) to (Rev. 2)






Copyright 1986-2017 Xilinx, Inc. All Rights Reserved.
------------------------------------------------------------------------------------
| Tool Version : Vivado v.2017.4 (win64) Build 2086221 Fri Dec 15 20:55:39 MST 2017
| Date         : Sat Sep 26 11:24:09 2020
| Host         : DESKTOP-98SOI2D running 64-bit major release  (build 9200)
| Command      : upgrade_ip
| Device       : xc7z020clg484-1
------------------------------------------------------------------------------------

Upgrade Log for IP 'zynqWithWifiExp_myipBCM_0_0'

1. Summary
----------

SUCCESS in the upgrade of zynqWithWifiExp_myipBCM_0_0 from xilinx.com:user:myipBCM:1.0 (Rev. 23) to xilinx.com:user:myipBCM:1.1 (Rev. 1)






Copyright 1986-2017 Xilinx, Inc. All Rights Reserved.
------------------------------------------------------------------------------------
| Tool Version : Vivado v.2017.4 (win64) Build 2086221 Fri Dec 15 20:55:39 MST 2017
| Date         : Sat Sep 26 00:22:00 2020
| Host         : DESKTOP-98SOI2D running 64-bit major release  (build 9200)
| Command      : upgrade_ip
| Device       : xc7z020clg484-1
------------------------------------------------------------------------------------

Upgrade Log for IP 'zynqWithWifiExp_myipBCM_0_0'

1. Summary
----------

SUCCESS in the upgrade of zynqWithWifiExp_myipBCM_0_0 (xilinx.com:user:myipBCM:1.0) from (Rev. 22) to (Rev. 23)






Copyright 1986-2017 Xilinx, Inc. All Rights Reserved.
------------------------------------------------------------------------------------
| Tool Version : Vivado v.2017.4 (win64) Build 2086221 Fri Dec 15 20:55:39 MST 2017
| Date         : Fri Sep 25 16:01:36 2020
| Host         : DESKTOP-98SOI2D running 64-bit major release  (build 9200)
| Command      : upgrade_ip
| Device       : xc7z020clg484-1
------------------------------------------------------------------------------------

Upgrade Log for IP 'zynqWithWifiExp_myipBCM_0_0'

1. Summary
----------

SUCCESS in the upgrade of zynqWithWifiExp_myipBCM_0_0 (xilinx.com:user:myipBCM:1.0) from (Rev. 21) to (Rev. 22)

