Copyright 1986-2017 Xilinx, Inc. All Rights Reserved.
-----------------------------------------------------------------------------------------------------------------------------------------------------------------------------------------------------------
| Tool Version : Vivado v.2017.4 (win64) Build 2086221 Fri Dec 15 20:55:39 MST 2017
| Date         : Mon Sep 28 10:11:53 2020
| Host         : DESKTOP-98SOI2D running 64-bit major release  (build 9200)
| Command      : report_methodology -file zynqWithWifiExp_wrapper_methodology_drc_routed.rpt -pb zynqWithWifiExp_wrapper_methodology_drc_routed.pb -rpx zynqWithWifiExp_wrapper_methodology_drc_routed.rpx
| Design       : zynqWithWifiExp_wrapper
| Device       : xc7z020clg484-1
| Speed File   : -1
| Design State : Routed
-----------------------------------------------------------------------------------------------------------------------------------------------------------------------------------------------------------

Report Methodology

Table of Contents
-----------------
1. REPORT SUMMARY
2. REPORT DETAILS

1. REPORT SUMMARY
-----------------
            Netlist: netlist
          Floorplan: design_1
      Design limits: <entire design considered>
             Max violations: <unlimited>
             Violations found: 17
+-----------+----------+-------------------------------+------------+
| Rule      | Severity | Description                   | Violations |
+-----------+----------+-------------------------------+------------+
| TIMING-17 | Warning  | Non-clocked sequential cell   | 9          |
| TIMING-18 | Warning  | Missing input or output delay | 8          |
+-----------+----------+-------------------------------+------------+

2. REPORT DETAILS
-----------------
TIMING-17#1 Warning
Non-clocked sequential cell  
The clock pin zynqWithWifiExp_i/myipBCM_0/inst/myipBCM_v1_0_S00_AXI_inst/timestampProcessor/ticker_reg[0]/C is not reached by a timing clock
Related violations: <none>

TIMING-17#2 Warning
Non-clocked sequential cell  
The clock pin zynqWithWifiExp_i/myipBCM_0/inst/myipBCM_v1_0_S00_AXI_inst/timestampProcessor/ticker_reg[1]/C is not reached by a timing clock
Related violations: <none>

TIMING-17#3 Warning
Non-clocked sequential cell  
The clock pin zynqWithWifiExp_i/myipBCM_0/inst/myipBCM_v1_0_S00_AXI_inst/timestampProcessor/ticker_reg[2]/C is not reached by a timing clock
Related violations: <none>

TIMING-17#4 Warning
Non-clocked sequential cell  
The clock pin zynqWithWifiExp_i/myipBCM_0/inst/myipBCM_v1_0_S00_AXI_inst/timestampProcessor/ticker_reg[3]/C is not reached by a timing clock
Related violations: <none>

TIMING-17#5 Warning
Non-clocked sequential cell  
The clock pin zynqWithWifiExp_i/myipBCM_0/inst/myipBCM_v1_0_S00_AXI_inst/timestampProcessor/ticker_reg[4]/C is not reached by a timing clock
Related violations: <none>

TIMING-17#6 Warning
Non-clocked sequential cell  
The clock pin zynqWithWifiExp_i/myipBCM_0/inst/myipBCM_v1_0_S00_AXI_inst/timestampProcessor/ticker_reg[5]/C is not reached by a timing clock
Related violations: <none>

TIMING-17#7 Warning
Non-clocked sequential cell  
The clock pin zynqWithWifiExp_i/myipBCM_0/inst/myipBCM_v1_0_S00_AXI_inst/timestampProcessor/ticker_reg[6]/C is not reached by a timing clock
Related violations: <none>

TIMING-17#8 Warning
Non-clocked sequential cell  
The clock pin zynqWithWifiExp_i/myipBCM_0/inst/myipBCM_v1_0_S00_AXI_inst/timestampProcessor/ticker_reg[7]/C is not reached by a timing clock
Related violations: <none>

TIMING-17#9 Warning
Non-clocked sequential cell  
The clock pin zynqWithWifiExp_i/myipBCM_0/inst/myipBCM_v1_0_S00_AXI_inst/timestampProcessor/timeup_out_reg/C is not reached by a timing clock
Related violations: <none>

TIMING-18#1 Warning
Missing input or output delay  
An output delay is missing on leds[0] relative to clock(s) clk_fpga_0
Related violations: <none>

TIMING-18#2 Warning
Missing input or output delay  
An output delay is missing on leds[1] relative to clock(s) clk_fpga_0
Related violations: <none>

TIMING-18#3 Warning
Missing input or output delay  
An output delay is missing on leds[2] relative to clock(s) clk_fpga_0
Related violations: <none>

TIMING-18#4 Warning
Missing input or output delay  
An output delay is missing on leds[3] relative to clock(s) clk_fpga_0
Related violations: <none>

TIMING-18#5 Warning
Missing input or output delay  
An output delay is missing on leds[4] relative to clock(s) clk_fpga_0
Related violations: <none>

TIMING-18#6 Warning
Missing input or output delay  
An output delay is missing on leds[5] relative to clock(s) clk_fpga_0
Related violations: <none>

TIMING-18#7 Warning
Missing input or output delay  
An output delay is missing on leds[6] relative to clock(s) clk_fpga_0
Related violations: <none>

TIMING-18#8 Warning
Missing input or output delay  
An output delay is missing on leds[7] relative to clock(s) clk_fpga_0
Related violations: <none>


