Copyright 1986-2017 Xilinx, Inc. All Rights Reserved.
----------------------------------------------------------------------------------------------------
| Tool Version : Vivado v.2017.4 (win64) Build 2086221 Fri Dec 15 20:55:39 MST 2017
| Date         : Mon Sep 28 10:10:42 2020
| Host         : DESKTOP-98SOI2D running 64-bit major release  (build 9200)
| Command      : report_control_sets -verbose -file zynqWithWifiExp_wrapper_control_sets_placed.rpt
| Design       : zynqWithWifiExp_wrapper
| Device       : xc7z020
----------------------------------------------------------------------------------------------------

Control Set Information

Table of Contents
-----------------
1. Summary
2. Flip-Flop Distribution
3. Detailed Control Set Information

1. Summary
----------

+----------------------------------------------------------+-------+
|                          Status                          | Count |
+----------------------------------------------------------+-------+
| Number of unique control sets                            |    36 |
| Unused register locations in slices containing registers |    97 |
+----------------------------------------------------------+-------+


2. Flip-Flop Distribution
-------------------------

+--------------+-----------------------+------------------------+-----------------+--------------+
| Clock Enable | Synchronous Set/Reset | Asynchronous Set/Reset | Total Registers | Total Slices |
+--------------+-----------------------+------------------------+-----------------+--------------+
| No           | No                    | No                     |             110 |           32 |
| No           | No                    | Yes                    |               0 |            0 |
| No           | Yes                   | No                     |             111 |           31 |
| Yes          | No                    | No                     |             276 |           66 |
| Yes          | No                    | Yes                    |               0 |            0 |
| Yes          | Yes                   | No                     |              86 |           19 |
+--------------+-----------------------+------------------------+-----------------+--------------+


3. Detailed Control Set Information
-----------------------------------

+------------------------------------------------------------------------------------+-----------------------------------------------------------------------------------------------------------------------------------------------------------------------+-------------------------------------------------------------------------------------------------------------------------------------------------+------------------+----------------+
|                                    Clock Signal                                    |                                                                             Enable Signal                                                                             |                                                                 Set/Reset Signal                                                                | Slice Load Count | Bel Load Count |
+------------------------------------------------------------------------------------+-----------------------------------------------------------------------------------------------------------------------------------------------------------------------+-------------------------------------------------------------------------------------------------------------------------------------------------+------------------+----------------+
|  zynqWithWifiExp_i/myipBCM_0/inst/myipBCM_v1_0_S00_AXI_inst/timestampProcessor/clk |                                                                                                                                                                       |                                                                                                                                                 |                1 |              1 |
|  zynqWithWifiExp_i/processing_system7_0/inst/FCLK_CLK0                             | zynqWithWifiExp_i/ps7_0_axi_periph/s00_couplers/auto_pc/inst/gen_axilite.gen_b2s_conv.axilite_b2s/WR.b_channel_0/bid_fifo_0/bresp_push                                |                                                                                                                                                 |                1 |              2 |
|  zynqWithWifiExp_i/processing_system7_0/inst/FCLK_CLK0                             |                                                                                                                                                                       | zynqWithWifiExp_i/ps7_0_axi_periph/s00_couplers/auto_pc/inst/gen_axilite.gen_b2s_conv.axilite_b2s/SI_REG/ar.ar_pipe/m_valid_i_reg_0             |                3 |              4 |
|  zynqWithWifiExp_i/processing_system7_0/inst/FCLK_CLK0                             |                                                                                                                                                                       | zynqWithWifiExp_i/ps7_0_axi_periph/s00_couplers/auto_pc/inst/gen_axilite.gen_b2s_conv.axilite_b2s/SI_REG/aw.aw_pipe/s_ready_i_reg_0             |                2 |              4 |
|  zynqWithWifiExp_i/processing_system7_0/inst/FCLK_CLK0                             |                                                                                                                                                                       | zynqWithWifiExp_i/rst_ps7_0_100M/U0/EXT_LPF/lpf_int                                                                                             |                2 |              4 |
|  zynqWithWifiExp_i/processing_system7_0/inst/FCLK_CLK0                             | zynqWithWifiExp_i/ps7_0_axi_periph/s00_couplers/auto_pc/inst/gen_axilite.gen_b2s_conv.axilite_b2s/WR.aw_channel_0/aw_cmd_fsm_0/wrap_boundary_axaddr_r_reg[0][0]       |                                                                                                                                                 |                2 |              4 |
|  zynqWithWifiExp_i/processing_system7_0/inst/FCLK_CLK0                             | zynqWithWifiExp_i/ps7_0_axi_periph/s00_couplers/auto_pc/inst/gen_axilite.gen_b2s_conv.axilite_b2s/RD.ar_channel_0/ar_cmd_fsm_0/axaddr_incr_reg[0][0]                  |                                                                                                                                                 |                1 |              4 |
|  zynqWithWifiExp_i/processing_system7_0/inst/FCLK_CLK0                             | zynqWithWifiExp_i/ps7_0_axi_periph/s00_couplers/auto_pc/inst/gen_axilite.gen_b2s_conv.axilite_b2s/RD.ar_channel_0/ar_cmd_fsm_0/E[0]                                   |                                                                                                                                                 |                3 |              4 |
|  zynqWithWifiExp_i/processing_system7_0/inst/FCLK_CLK0                             | zynqWithWifiExp_i/ps7_0_axi_periph/s00_couplers/auto_pc/inst/gen_axilite.gen_b2s_conv.axilite_b2s/WR.aw_channel_0/aw_cmd_fsm_0/E[0]                                   | zynqWithWifiExp_i/ps7_0_axi_periph/s00_couplers/auto_pc/inst/gen_axilite.gen_b2s_conv.axilite_b2s/WR.aw_channel_0/aw_cmd_fsm_0/axlen_cnt_reg[7] |                1 |              4 |
|  zynqWithWifiExp_i/processing_system7_0/inst/FCLK_CLK0                             | zynqWithWifiExp_i/ps7_0_axi_periph/s00_couplers/auto_pc/inst/gen_axilite.gen_b2s_conv.axilite_b2s/WR.aw_channel_0/cmd_translator_0/incr_cmd_0/axaddr_incr[11]_i_1_n_0 |                                                                                                                                                 |                2 |              4 |
|  zynqWithWifiExp_i/processing_system7_0/inst/FCLK_CLK0                             | zynqWithWifiExp_i/ps7_0_axi_periph/s00_couplers/auto_pc/inst/gen_axilite.gen_b2s_conv.axilite_b2s/RD.ar_channel_0/ar_cmd_fsm_0/axlen_cnt_reg[4][0]                    | zynqWithWifiExp_i/ps7_0_axi_periph/s00_couplers/auto_pc/inst/gen_axilite.gen_b2s_conv.axilite_b2s/RD.ar_channel_0/ar_cmd_fsm_0/axlen_cnt_reg[7] |                2 |              4 |
|  zynqWithWifiExp_i/processing_system7_0/inst/FCLK_CLK0                             | zynqWithWifiExp_i/rst_ps7_0_100M/U0/SEQ/seq_cnt_en                                                                                                                    | zynqWithWifiExp_i/rst_ps7_0_100M/U0/SEQ/SEQ_COUNTER/clear                                                                                       |                2 |              6 |
|  zynqWithWifiExp_i/myipBCM_0/inst/myipBCM_v1_0_S00_AXI_inst/timestampProcessor/clk | zynqWithWifiExp_i/myipBCM_0/inst/myipBCM_v1_0_S00_AXI_inst/timestampProcessor/ticker[7]_i_1_n_0                                                                       |                                                                                                                                                 |                2 |              8 |
|  zynqWithWifiExp_i/processing_system7_0/inst/FCLK_CLK0                             | zynqWithWifiExp_i/ps7_0_axi_periph/s00_couplers/auto_pc/inst/gen_axilite.gen_b2s_conv.axilite_b2s/WR.b_channel_0/mhandshake_r                                         | zynqWithWifiExp_i/ps7_0_axi_periph/s00_couplers/auto_pc/inst/gen_axilite.gen_b2s_conv.axilite_b2s/WR.b_channel_0/bid_fifo_0/SR[0]               |                3 |              8 |
|  zynqWithWifiExp_i/processing_system7_0/inst/FCLK_CLK0                             | zynqWithWifiExp_i/myipBCM_0/inst/myipBCM_v1_0_S00_AXI_inst/p_1_in[15]                                                                                                 | zynqWithWifiExp_i/myipBCM_0/inst/myipBCM_v1_0_S00_AXI_inst/p_0_in                                                                               |                1 |              8 |
|  zynqWithWifiExp_i/processing_system7_0/inst/FCLK_CLK0                             | zynqWithWifiExp_i/myipBCM_0/inst/myipBCM_v1_0_S00_AXI_inst/p_1_in[31]                                                                                                 | zynqWithWifiExp_i/myipBCM_0/inst/myipBCM_v1_0_S00_AXI_inst/p_0_in                                                                               |                1 |              8 |
|  zynqWithWifiExp_i/processing_system7_0/inst/FCLK_CLK0                             | zynqWithWifiExp_i/myipBCM_0/inst/myipBCM_v1_0_S00_AXI_inst/p_1_in[7]                                                                                                  | zynqWithWifiExp_i/myipBCM_0/inst/myipBCM_v1_0_S00_AXI_inst/p_0_in                                                                               |                1 |              8 |
|  zynqWithWifiExp_i/processing_system7_0/inst/FCLK_CLK0                             | zynqWithWifiExp_i/myipBCM_0/inst/myipBCM_v1_0_S00_AXI_inst/p_1_in[16]                                                                                                 | zynqWithWifiExp_i/myipBCM_0/inst/myipBCM_v1_0_S00_AXI_inst/p_0_in                                                                               |                1 |              8 |
|  zynqWithWifiExp_i/processing_system7_0/inst/FCLK_CLK0                             |                                                                                                                                                                       | zynqWithWifiExp_i/myipBCM_0/inst/myipBCM_v1_0_S00_AXI_inst/p_0_in                                                                               |                3 |             10 |
|  zynqWithWifiExp_i/processing_system7_0/inst/FCLK_CLK0                             | zynqWithWifiExp_i/ps7_0_axi_periph/s00_couplers/auto_pc/inst/gen_axilite.gen_b2s_conv.axilite_b2s/RD.r_channel_0/r_push_r                                             |                                                                                                                                                 |                4 |             13 |
|  zynqWithWifiExp_i/processing_system7_0/inst/FCLK_CLK0                             | zynqWithWifiExp_i/ps7_0_axi_periph/s00_couplers/auto_pc/inst/gen_axilite.gen_b2s_conv.axilite_b2s/RD.ar_channel_0/ar_cmd_fsm_0/axlen_cnt_reg[4][0]                    |                                                                                                                                                 |                5 |             13 |
|  zynqWithWifiExp_i/processing_system7_0/inst/FCLK_CLK0                             | zynqWithWifiExp_i/ps7_0_axi_periph/s00_couplers/auto_pc/inst/gen_axilite.gen_b2s_conv.axilite_b2s/WR.aw_channel_0/aw_cmd_fsm_0/E[0]                                   |                                                                                                                                                 |                6 |             13 |
|  zynqWithWifiExp_i/processing_system7_0/inst/FCLK_CLK0                             | zynqWithWifiExp_i/ps7_0_axi_periph/s00_couplers/auto_pc/inst/gen_axilite.gen_b2s_conv.axilite_b2s/SI_REG/b.b_pipe/p_1_in                                              |                                                                                                                                                 |                2 |             14 |
|  zynqWithWifiExp_i/processing_system7_0/inst/FCLK_CLK0                             | zynqWithWifiExp_i/ps7_0_axi_periph/s00_couplers/auto_pc/inst/gen_axilite.gen_b2s_conv.axilite_b2s/SI_REG/b.b_pipe/skid_buffer_reg[0]_0                                |                                                                                                                                                 |                2 |             14 |
|  zynqWithWifiExp_i/processing_system7_0/inst/FCLK_CLK0                             | zynqWithWifiExp_i/ps7_0_axi_periph/s00_couplers/auto_pc/inst/gen_axilite.gen_b2s_conv.axilite_b2s/WR.aw_channel_0/aw_cmd_fsm_0/b_push                                 |                                                                                                                                                 |                3 |             16 |
|  zynqWithWifiExp_i/processing_system7_0/inst/FCLK_CLK0                             | zynqWithWifiExp_i/ps7_0_axi_periph/s00_couplers/auto_pc/inst/gen_axilite.gen_b2s_conv.axilite_b2s/RD.ar_channel_0/ar_cmd_fsm_0/m_payload_i_reg[0]_1[0]                |                                                                                                                                                 |                7 |             27 |
|  zynqWithWifiExp_i/processing_system7_0/inst/FCLK_CLK0                             | zynqWithWifiExp_i/ps7_0_axi_periph/s00_couplers/auto_pc/inst/gen_axilite.gen_b2s_conv.axilite_b2s/SI_REG/ar.ar_pipe/skid_buffer_reg[0]_0                              |                                                                                                                                                 |                6 |             27 |
|  zynqWithWifiExp_i/processing_system7_0/inst/FCLK_CLK0                             | zynqWithWifiExp_i/ps7_0_axi_periph/s00_couplers/auto_pc/inst/gen_axilite.gen_b2s_conv.axilite_b2s/SI_REG/aw.aw_pipe/skid_buffer_reg[0]_0                              |                                                                                                                                                 |                5 |             27 |
|  zynqWithWifiExp_i/processing_system7_0/inst/FCLK_CLK0                             | zynqWithWifiExp_i/ps7_0_axi_periph/s00_couplers/auto_pc/inst/gen_axilite.gen_b2s_conv.axilite_b2s/WR.aw_channel_0/aw_cmd_fsm_0/m_payload_i_reg[0][0]                  |                                                                                                                                                 |                8 |             27 |
|  zynqWithWifiExp_i/processing_system7_0/inst/FCLK_CLK0                             |                                                                                                                                                                       | zynqWithWifiExp_i/myipBCM_0/inst/myipBCM_v1_0_S00_AXI_inst/timestampProcessor/clear                                                             |                8 |             30 |
|  zynqWithWifiExp_i/processing_system7_0/inst/FCLK_CLK0                             | zynqWithWifiExp_i/myipBCM_0/inst/myipBCM_v1_0_S00_AXI_inst/slv_reg_rden__0                                                                                            | zynqWithWifiExp_i/myipBCM_0/inst/myipBCM_v1_0_S00_AXI_inst/p_0_in                                                                               |                7 |             32 |
|  zynqWithWifiExp_i/processing_system7_0/inst/FCLK_CLK0                             | zynqWithWifiExp_i/ps7_0_axi_periph/s00_couplers/auto_pc/inst/gen_axilite.gen_b2s_conv.axilite_b2s/RD.r_channel_0/rd_data_fifo_0/wr_en0                                |                                                                                                                                                 |                8 |             32 |
|  zynqWithWifiExp_i/processing_system7_0/inst/FCLK_CLK0                             | zynqWithWifiExp_i/ps7_0_axi_periph/s00_couplers/auto_pc/inst/gen_axilite.gen_b2s_conv.axilite_b2s/SI_REG/r.r_pipe/p_1_in                                              |                                                                                                                                                 |                7 |             45 |
|  zynqWithWifiExp_i/processing_system7_0/inst/FCLK_CLK0                             | zynqWithWifiExp_i/ps7_0_axi_periph/s00_couplers/auto_pc/inst/gen_axilite.gen_b2s_conv.axilite_b2s/SI_REG/r.r_pipe/skid_buffer_reg[0]_0                                |                                                                                                                                                 |                8 |             45 |
|  zynqWithWifiExp_i/processing_system7_0/inst/FCLK_CLK0                             |                                                                                                                                                                       | zynqWithWifiExp_i/ps7_0_axi_periph/s00_couplers/auto_pc/inst/gen_axilite.gen_b2s_conv.axilite_b2s/areset_d1                                     |               13 |             59 |
|  zynqWithWifiExp_i/processing_system7_0/inst/FCLK_CLK0                             |                                                                                                                                                                       |                                                                                                                                                 |               32 |            110 |
+------------------------------------------------------------------------------------+-----------------------------------------------------------------------------------------------------------------------------------------------------------------------+-------------------------------------------------------------------------------------------------------------------------------------------------+------------------+----------------+


+--------+-----------------------+
| Fanout | Number of ControlSets |
+--------+-----------------------+
| 1      |                     1 |
| 2      |                     1 |
| 4      |                     9 |
| 6      |                     1 |
| 8      |                     6 |
| 10     |                     1 |
| 13     |                     3 |
| 14     |                     2 |
| 16+    |                    12 |
+--------+-----------------------+


