Copyright 1986-2017 Xilinx, Inc. All Rights Reserved.
---------------------------------------------------------------------------------------------------------
| Tool Version : Vivado v.2017.4 (lin64) Build 2086221 Fri Dec 15 20:54:30 MST 2017
| Date         : Thu Oct  1 19:12:43 2020
| Host         : ecs-mst-140-02.campus.ads.umass.edu running 64-bit CentOS Linux release 7.8.2003 (Core)
| Command      : upgrade_ip
| Device       : xc7z020clg484-1
---------------------------------------------------------------------------------------------------------

Upgrade Log for IP 'zynqWithWifiExp_myipBCM_0_0'

1. Summary
----------

SUCCESS in the conversion of zynqWithWifiExp_myipBCM_0_0 (xilinx.com:user:myipBCM:1.2 (Rev. 8)) to Vivado generation flows.






Copyright 1986-2017 Xilinx, Inc. All Rights Reserved.
---------------------------------------------------------------------------------------------------------
| Tool Version : Vivado v.2017.4 (lin64) Build 2086221 Fri Dec 15 20:54:30 MST 2017
| Date         : Thu Oct  1 19:12:21 2020
| Host         : ecs-mst-140-02.campus.ads.umass.edu running 64-bit CentOS Linux release 7.8.2003 (Core)
| Command      : upgrade_ip
| Device       : xc7z020clg484-1
---------------------------------------------------------------------------------------------------------

Upgrade Log for IP 'zynqWithWifiExp_myipBCM_0_0'

1. Summary
----------

SUCCESS in the upgrade of zynqWithWifiExp_myipBCM_0_0 (xilinx.com:user:myipBCM:1.2) from (Rev. 6) to (Rev. 8)






Copyright 1986-2017 Xilinx, Inc. All Rights Reserved.
---------------------------------------------------------------------------------------------------------
| Tool Version : Vivado v.2017.4 (lin64) Build 2086221 Fri Dec 15 20:54:30 MST 2017
| Date         : Thu Oct  1 19:09:07 2020
| Host         : ecs-mst-140-02.campus.ads.umass.edu running 64-bit CentOS Linux release 7.8.2003 (Core)
| Command      : upgrade_ip
| Device       : xc7z020clg484-1
---------------------------------------------------------------------------------------------------------

Upgrade Log for IP 'zynqWithWifiExp_myipBCM_0_0'

1. Summary
----------

SUCCESS in the upgrade of zynqWithWifiExp_myipBCM_0_0 (xilinx.com:user:myipBCM:1.2) from (Rev. 5) to (Rev. 6)






Copyright 1986-2017 Xilinx, Inc. All Rights Reserved.
---------------------------------------------------------------------------------------------------------
| Tool Version : Vivado v.2017.4 (lin64) Build 2086221 Fri Dec 15 20:54:30 MST 2017
| Date         : Thu Oct  1 15:23:49 2020
| Host         : ecs-mst-140-02.campus.ads.umass.edu running 64-bit CentOS Linux release 7.8.2003 (Core)
| Command      : upgrade_ip
| Device       : xc7z020clg484-1
---------------------------------------------------------------------------------------------------------

Upgrade Log for IP 'zynqWithWifiExp_myipBCM_0_0'

1. Summary
----------

SUCCESS in the upgrade of zynqWithWifiExp_myipBCM_0_0 (xilinx.com:user:myipBCM:1.2) from (Rev. 4) to (Rev. 5)






Copyright 1986-2017 Xilinx, Inc. All Rights Reserved.
---------------------------------------------------------------------------------------------------------
| Tool Version : Vivado v.2017.4 (lin64) Build 2086221 Fri Dec 15 20:54:30 MST 2017
| Date         : Thu Oct  1 01:29:41 2020
| Host         : ecs-mst-140-02.campus.ads.umass.edu running 64-bit CentOS Linux release 7.8.2003 (Core)
| Command      : upgrade_ip
| Device       : xc7z020clg484-1
---------------------------------------------------------------------------------------------------------

Upgrade Log for IP 'zynqWithWifiExp_myipBCM_0_0'

1. Summary
----------

SUCCESS in the upgrade of zynqWithWifiExp_myipBCM_0_0 (xilinx.com:user:myipBCM:1.2) from (Rev. 2) to (Rev. 4)






Copyright 1986-2017 Xilinx, Inc. All Rights Reserved.
---------------------------------------------------------------------------------------------------------
| Tool Version : Vivado v.2017.4 (lin64) Build 2086221 Fri Dec 15 20:54:30 MST 2017
| Date         : Thu Oct  1 01:16:36 2020
| Host         : ecs-mst-140-02.campus.ads.umass.edu running 64-bit CentOS Linux release 7.8.2003 (Core)
| Command      : upgrade_ip
| Device       : xc7z020clg484-1
---------------------------------------------------------------------------------------------------------

Upgrade Log for IP 'zynqWithWifiExp_myipBCM_0_0'

1. Summary
----------

SUCCESS in the upgrade of zynqWithWifiExp_myipBCM_0_0 (xilinx.com:user:myipBCM:1.2) from (Rev. 1) to (Rev. 2)






Copyright 1986-2017 Xilinx, Inc. All Rights Reserved.
---------------------------------------------------------------------------------------------------------
| Tool Version : Vivado v.2017.4 (lin64) Build 2086221 Fri Dec 15 20:54:30 MST 2017
| Date         : Thu Oct  1 00:57:28 2020
| Host         : ecs-mst-140-02.campus.ads.umass.edu running 64-bit CentOS Linux release 7.8.2003 (Core)
| Command      : upgrade_ip
| Device       : xc7z020clg484-1
---------------------------------------------------------------------------------------------------------

Upgrade Log for IP 'zynqWithWifiExp_myipBCM_0_0'

1. Summary
----------

SUCCESS in the upgrade of zynqWithWifiExp_myipBCM_0_0 from xilinx.com:user:myipBCM:1.1 (Rev. 14) to xilinx.com:user:myipBCM:1.2 (Rev. 1)






Copyright 1986-2017 Xilinx, Inc. All Rights Reserved.
---------------------------------------------------------------------------------------------------------
| Tool Version : Vivado v.2017.4 (lin64) Build 2086221 Fri Dec 15 20:54:30 MST 2017
| Date         : Wed Sep 30 21:35:38 2020
| Host         : ecs-mst-140-02.campus.ads.umass.edu running 64-bit CentOS Linux release 7.8.2003 (Core)
| Command      : upgrade_ip
| Device       : xc7z020clg484-1
---------------------------------------------------------------------------------------------------------

Upgrade Log for IP 'zynqWithWifiExp_myipBCM_0_0'

1. Summary
----------

SUCCESS in the upgrade of zynqWithWifiExp_myipBCM_0_0 (xilinx.com:user:myipBCM:1.1) from (Rev. 12) to (Rev. 14)






Copyright 1986-2017 Xilinx, Inc. All Rights Reserved.
------------------------------------------------------------------------------------
| Tool Version : Vivado v.2017.4 (win64) Build 2086221 Fri Dec 15 20:55:39 MST 2017
| Date         : Mon Sep 28 23:45:03 2020
| Host         : DESKTOP-98SOI2D running 64-bit major release  (build 9200)
| Command      : upgrade_ip
| Device       : xc7z020clg484-1
------------------------------------------------------------------------------------

Upgrade Log for IP 'zynqWithWifiExp_myipBCM_0_0'

1. Summary
----------

SUCCESS in the upgrade of zynqWithWifiExp_myipBCM_0_0 (xilinx.com:user:myipBCM:1.1) from (Rev. 9) to (Rev. 12)






Copyright 1986-2017 Xilinx, Inc. All Rights Reserved.
------------------------------------------------------------------------------------
| Tool Version : Vivado v.2017.4 (win64) Build 2086221 Fri Dec 15 20:55:39 MST 2017
| Date         : Mon Sep 28 11:37:23 2020
| Host         : DESKTOP-98SOI2D running 64-bit major release  (build 9200)
| Command      : upgrade_ip
| Device       : xc7z020clg484-1
------------------------------------------------------------------------------------

Upgrade Log for IP 'zynqWithWifiExp_myipBCM_0_0'

1. Summary
----------

SUCCESS in the upgrade of zynqWithWifiExp_myipBCM_0_0 (xilinx.com:user:myipBCM:1.1) from (Rev. 8) to (Rev. 9)






Copyright 1986-2017 Xilinx, Inc. All Rights Reserved.
------------------------------------------------------------------------------------
| Tool Version : Vivado v.2017.4 (win64) Build 2086221 Fri Dec 15 20:55:39 MST 2017
| Date         : Mon Sep 28 10:59:26 2020
| Host         : DESKTOP-98SOI2D running 64-bit major release  (build 9200)
| Command      : upgrade_ip
| Device       : xc7z020clg484-1
------------------------------------------------------------------------------------

Upgrade Log for IP 'zynqWithWifiExp_myipBCM_0_0'

1. Summary
----------

SUCCESS in the upgrade of zynqWithWifiExp_myipBCM_0_0 (xilinx.com:user:myipBCM:1.1) from (Rev. 7) to (Rev. 8)






Copyright 1986-2017 Xilinx, Inc. All Rights Reserved.
------------------------------------------------------------------------------------
| Tool Version : Vivado v.2017.4 (win64) Build 2086221 Fri Dec 15 20:55:39 MST 2017
| Date         : Mon Sep 28 09:57:27 2020
| Host         : DESKTOP-98SOI2D running 64-bit major release  (build 9200)
| Command      : upgrade_ip
| Device       : xc7z020clg484-1
------------------------------------------------------------------------------------

Upgrade Log for IP 'zynqWithWifiExp_myipBCM_0_0'

1. Summary
----------

SUCCESS in the upgrade of zynqWithWifiExp_myipBCM_0_0 (xilinx.com:user:myipBCM:1.1) from (Rev. 6) to (Rev. 7)






Copyright 1986-2017 Xilinx, Inc. All Rights Reserved.
------------------------------------------------------------------------------------
| Tool Version : Vivado v.2017.4 (win64) Build 2086221 Fri Dec 15 20:55:39 MST 2017
| Date         : Mon Sep 28 03:27:35 2020
| Host         : DESKTOP-98SOI2D running 64-bit major release  (build 9200)
| Command      : upgrade_ip
| Device       : xc7z020clg484-1
------------------------------------------------------------------------------------

Upgrade Log for IP 'zynqWithWifiExp_myipBCM_0_0'

1. Summary
----------

SUCCESS in the upgrade of zynqWithWifiExp_myipBCM_0_0 (xilinx.com:user:myipBCM:1.1) from (Rev. 5) to (Rev. 6)






Copyright 1986-2017 Xilinx, Inc. All Rights Reserved.
------------------------------------------------------------------------------------
| Tool Version : Vivado v.2017.4 (win64) Build 2086221 Fri Dec 15 20:55:39 MST 2017
| Date         : Mon Sep 28 02:53:58 2020
| Host         : DESKTOP-98SOI2D running 64-bit major release  (build 9200)
| Command      : upgrade_ip
| Device       : xc7z020clg484-1
------------------------------------------------------------------------------------

Upgrade Log for IP 'zynqWithWifiExp_myipBCM_0_0'

1. Summary
----------

SUCCESS in the upgrade of zynqWithWifiExp_myipBCM_0_0 (xilinx.com:user:myipBCM:1.1) from (Rev. 4) to (Rev. 5)






Copyright 1986-2017 Xilinx, Inc. All Rights Reserved.
------------------------------------------------------------------------------------
| Tool Version : Vivado v.2017.4 (win64) Build 2086221 Fri Dec 15 20:55:39 MST 2017
| Date         : Sun Sep 27 23:48:52 2020
| Host         : DESKTOP-98SOI2D running 64-bit major release  (build 9200)
| Command      : upgrade_ip
| Device       : xc7z020clg484-1
------------------------------------------------------------------------------------

Upgrade Log for IP 'zynqWithWifiExp_myipBCM_0_0'

1. Summary
----------

SUCCESS in the upgrade of zynqWithWifiExp_myipBCM_0_0 (xilinx.com:user:myipBCM:1.1) from (Rev. 3) to (Rev. 4)






Copyright 1986-2017 Xilinx, Inc. All Rights Reserved.
------------------------------------------------------------------------------------
| Tool Version : Vivado v.2017.4 (win64) Build 2086221 Fri Dec 15 20:55:39 MST 2017
| Date         : Sun Sep 27 23:13:35 2020
| Host         : DESKTOP-98SOI2D running 64-bit major release  (build 9200)
| Command      : upgrade_ip
| Device       : xc7z020clg484-1
------------------------------------------------------------------------------------

Upgrade Log for IP 'zynqWithWifiExp_myipBCM_0_0'

1. Summary
----------

SUCCESS in the upgrade of zynqWithWifiExp_myipBCM_0_0 (xilinx.com:user:myipBCM:1.1) from (Rev. 2) to (Rev. 3)






Copyright 1986-2017 Xilinx, Inc. All Rights Reserved.
------------------------------------------------------------------------------------
| Tool Version : Vivado v.2017.4 (win64) Build 2086221 Fri Dec 15 20:55:39 MST 2017
| Date         : Sun Sep 27 18:23:31 2020
| Host         : DESKTOP-98SOI2D running 64-bit major release  (build 9200)
| Command      : upgrade_ip
| Device       : xc7z020clg484-1
------------------------------------------------------------------------------------

Upgrade Log for IP 'zynqWithWifiExp_myipBCM_0_0'

1. Summary
----------

SUCCESS in the upgrade of zynqWithWifiExp_myipBCM_0_0 (xilinx.com:user:myipBCM:1.1) from (Rev. 1) to (Rev. 2)






Copyright 1986-2017 Xilinx, Inc. All Rights Reserved.
------------------------------------------------------------------------------------
| Tool Version : Vivado v.2017.4 (win64) Build 2086221 Fri Dec 15 20:55:39 MST 2017
| Date         : Sat Sep 26 11:24:09 2020
| Host         : DESKTOP-98SOI2D running 64-bit major release  (build 9200)
| Command      : upgrade_ip
| Device       : xc7z020clg484-1
------------------------------------------------------------------------------------

Upgrade Log for IP 'zynqWithWifiExp_myipBCM_0_0'

1. Summary
----------

SUCCESS in the upgrade of zynqWithWifiExp_myipBCM_0_0 from xilinx.com:user:myipBCM:1.0 (Rev. 23) to xilinx.com:user:myipBCM:1.1 (Rev. 1)






Copyright 1986-2017 Xilinx, Inc. All Rights Reserved.
------------------------------------------------------------------------------------
| Tool Version : Vivado v.2017.4 (win64) Build 2086221 Fri Dec 15 20:55:39 MST 2017
| Date         : Sat Sep 26 00:22:00 2020
| Host         : DESKTOP-98SOI2D running 64-bit major release  (build 9200)
| Command      : upgrade_ip
| Device       : xc7z020clg484-1
------------------------------------------------------------------------------------

Upgrade Log for IP 'zynqWithWifiExp_myipBCM_0_0'

1. Summary
----------

SUCCESS in the upgrade of zynqWithWifiExp_myipBCM_0_0 (xilinx.com:user:myipBCM:1.0) from (Rev. 22) to (Rev. 23)






Copyright 1986-2017 Xilinx, Inc. All Rights Reserved.
------------------------------------------------------------------------------------
| Tool Version : Vivado v.2017.4 (win64) Build 2086221 Fri Dec 15 20:55:39 MST 2017
| Date         : Fri Sep 25 16:01:36 2020
| Host         : DESKTOP-98SOI2D running 64-bit major release  (build 9200)
| Command      : upgrade_ip
| Device       : xc7z020clg484-1
------------------------------------------------------------------------------------

Upgrade Log for IP 'zynqWithWifiExp_myipBCM_0_0'

1. Summary
----------

SUCCESS in the upgrade of zynqWithWifiExp_myipBCM_0_0 (xilinx.com:user:myipBCM:1.0) from (Rev. 21) to (Rev. 22)

