Copyright 1986-2017 Xilinx, Inc. All Rights Reserved.
------------------------------------------------------------------------------------------------------------------------------------------------------------
| Tool Version : Vivado v.2017.4 (lin64) Build 2086221 Fri Dec 15 20:54:30 MST 2017
| Date         : Thu Oct  1 15:28:22 2020
| Host         : ecs-mst-140-02.campus.ads.umass.edu running 64-bit CentOS Linux release 7.8.2003 (Core)
| Command      : report_drc -file zynqWithWifiExp_wrapper_drc_opted.rpt -pb zynqWithWifiExp_wrapper_drc_opted.pb -rpx zynqWithWifiExp_wrapper_drc_opted.rpx
| Design       : zynqWithWifiExp_wrapper
| Device       : xc7z020clg484-1
| Speed File   : -1
| Design State : Synthesized
------------------------------------------------------------------------------------------------------------------------------------------------------------

Report DRC

Table of Contents
-----------------
1. REPORT SUMMARY
2. REPORT DETAILS

1. REPORT SUMMARY
-----------------
            Netlist: netlist
          Floorplan: design_1
      Design limits: <entire design considered>
           Ruledeck: default
             Max violations: <unlimited>
             Violations found: 0
+------+----------+-------------+------------+
| Rule | Severity | Description | Violations |
+------+----------+-------------+------------+
+------+----------+-------------+------------+

2. REPORT DETAILS
-----------------

