Copyright 1986-2017 Xilinx, Inc. All Rights Reserved.
-----------------------------------------------------------------------------------------------------------------------------------------------------------------------------------------------------------
| Tool Version : Vivado v.2017.4 (lin64) Build 2086221 Fri Dec 15 20:54:30 MST 2017
| Date         : Thu Oct  1 15:28:51 2020
| Host         : ecs-mst-140-02.campus.ads.umass.edu running 64-bit CentOS Linux release 7.8.2003 (Core)
| Command      : report_methodology -file zynqWithWifiExp_wrapper_methodology_drc_routed.rpt -pb zynqWithWifiExp_wrapper_methodology_drc_routed.pb -rpx zynqWithWifiExp_wrapper_methodology_drc_routed.rpx
| Design       : zynqWithWifiExp_wrapper
| Device       : xc7z020clg484-1
| Speed File   : -1
| Design State : Routed
-----------------------------------------------------------------------------------------------------------------------------------------------------------------------------------------------------------

Report Methodology

Table of Contents
-----------------
1. REPORT SUMMARY
2. REPORT DETAILS

1. REPORT SUMMARY
-----------------
            Netlist: netlist
          Floorplan: design_1
      Design limits: <entire design considered>
             Max violations: <unlimited>
             Violations found: 33
+-----------+----------+-------------------------------+------------+
| Rule      | Severity | Description                   | Violations |
+-----------+----------+-------------------------------+------------+
| TIMING-17 | Warning  | Non-clocked sequential cell   | 17         |
| TIMING-18 | Warning  | Missing input or output delay | 8          |
| TIMING-20 | Warning  | Non-clocked latch             | 8          |
+-----------+----------+-------------------------------+------------+

2. REPORT DETAILS
-----------------
TIMING-17#1 Warning
Non-clocked sequential cell  
The clock pin zynqWithWifiExp_i/myipBCM_0/inst/myipBCM_v1_0_S00_AXI_inst/timestampProcessor/ticker_reg[0]_C/C is not reached by a timing clock
Related violations: <none>

TIMING-17#2 Warning
Non-clocked sequential cell  
The clock pin zynqWithWifiExp_i/myipBCM_0/inst/myipBCM_v1_0_S00_AXI_inst/timestampProcessor/ticker_reg[0]_P/C is not reached by a timing clock
Related violations: <none>

TIMING-17#3 Warning
Non-clocked sequential cell  
The clock pin zynqWithWifiExp_i/myipBCM_0/inst/myipBCM_v1_0_S00_AXI_inst/timestampProcessor/ticker_reg[1]_C/C is not reached by a timing clock
Related violations: <none>

TIMING-17#4 Warning
Non-clocked sequential cell  
The clock pin zynqWithWifiExp_i/myipBCM_0/inst/myipBCM_v1_0_S00_AXI_inst/timestampProcessor/ticker_reg[1]_P/C is not reached by a timing clock
Related violations: <none>

TIMING-17#5 Warning
Non-clocked sequential cell  
The clock pin zynqWithWifiExp_i/myipBCM_0/inst/myipBCM_v1_0_S00_AXI_inst/timestampProcessor/ticker_reg[2]_C/C is not reached by a timing clock
Related violations: <none>

TIMING-17#6 Warning
Non-clocked sequential cell  
The clock pin zynqWithWifiExp_i/myipBCM_0/inst/myipBCM_v1_0_S00_AXI_inst/timestampProcessor/ticker_reg[2]_P/C is not reached by a timing clock
Related violations: <none>

TIMING-17#7 Warning
Non-clocked sequential cell  
The clock pin zynqWithWifiExp_i/myipBCM_0/inst/myipBCM_v1_0_S00_AXI_inst/timestampProcessor/ticker_reg[3]_C/C is not reached by a timing clock
Related violations: <none>

TIMING-17#8 Warning
Non-clocked sequential cell  
The clock pin zynqWithWifiExp_i/myipBCM_0/inst/myipBCM_v1_0_S00_AXI_inst/timestampProcessor/ticker_reg[3]_P/C is not reached by a timing clock
Related violations: <none>

TIMING-17#9 Warning
Non-clocked sequential cell  
The clock pin zynqWithWifiExp_i/myipBCM_0/inst/myipBCM_v1_0_S00_AXI_inst/timestampProcessor/ticker_reg[4]_C/C is not reached by a timing clock
Related violations: <none>

TIMING-17#10 Warning
Non-clocked sequential cell  
The clock pin zynqWithWifiExp_i/myipBCM_0/inst/myipBCM_v1_0_S00_AXI_inst/timestampProcessor/ticker_reg[4]_P/C is not reached by a timing clock
Related violations: <none>

TIMING-17#11 Warning
Non-clocked sequential cell  
The clock pin zynqWithWifiExp_i/myipBCM_0/inst/myipBCM_v1_0_S00_AXI_inst/timestampProcessor/ticker_reg[5]_C/C is not reached by a timing clock
Related violations: <none>

TIMING-17#12 Warning
Non-clocked sequential cell  
The clock pin zynqWithWifiExp_i/myipBCM_0/inst/myipBCM_v1_0_S00_AXI_inst/timestampProcessor/ticker_reg[5]_P/C is not reached by a timing clock
Related violations: <none>

TIMING-17#13 Warning
Non-clocked sequential cell  
The clock pin zynqWithWifiExp_i/myipBCM_0/inst/myipBCM_v1_0_S00_AXI_inst/timestampProcessor/ticker_reg[6]_C/C is not reached by a timing clock
Related violations: <none>

TIMING-17#14 Warning
Non-clocked sequential cell  
The clock pin zynqWithWifiExp_i/myipBCM_0/inst/myipBCM_v1_0_S00_AXI_inst/timestampProcessor/ticker_reg[6]_P/C is not reached by a timing clock
Related violations: <none>

TIMING-17#15 Warning
Non-clocked sequential cell  
The clock pin zynqWithWifiExp_i/myipBCM_0/inst/myipBCM_v1_0_S00_AXI_inst/timestampProcessor/ticker_reg[7]_C/C is not reached by a timing clock
Related violations: <none>

TIMING-17#16 Warning
Non-clocked sequential cell  
The clock pin zynqWithWifiExp_i/myipBCM_0/inst/myipBCM_v1_0_S00_AXI_inst/timestampProcessor/ticker_reg[7]_P/C is not reached by a timing clock
Related violations: <none>

TIMING-17#17 Warning
Non-clocked sequential cell  
The clock pin zynqWithWifiExp_i/myipBCM_0/inst/myipBCM_v1_0_S00_AXI_inst/timestampProcessor/timeup_out_reg/C is not reached by a timing clock
Related violations: <none>

TIMING-18#1 Warning
Missing input or output delay  
An output delay is missing on leds[0] relative to clock(s) clk_fpga_0
Related violations: <none>

TIMING-18#2 Warning
Missing input or output delay  
An output delay is missing on leds[1] relative to clock(s) clk_fpga_0
Related violations: <none>

TIMING-18#3 Warning
Missing input or output delay  
An output delay is missing on leds[2] relative to clock(s) clk_fpga_0
Related violations: <none>

TIMING-18#4 Warning
Missing input or output delay  
An output delay is missing on leds[3] relative to clock(s) clk_fpga_0
Related violations: <none>

TIMING-18#5 Warning
Missing input or output delay  
An output delay is missing on leds[4] relative to clock(s) clk_fpga_0
Related violations: <none>

TIMING-18#6 Warning
Missing input or output delay  
An output delay is missing on leds[5] relative to clock(s) clk_fpga_0
Related violations: <none>

TIMING-18#7 Warning
Missing input or output delay  
An output delay is missing on leds[6] relative to clock(s) clk_fpga_0
Related violations: <none>

TIMING-18#8 Warning
Missing input or output delay  
An output delay is missing on leds[7] relative to clock(s) clk_fpga_0
Related violations: <none>

TIMING-20#1 Warning
Non-clocked latch  
The latch zynqWithWifiExp_i/myipBCM_0/inst/myipBCM_v1_0_S00_AXI_inst/timestampProcessor/ticker_reg[0]_LDC cannot be properly analyzed as its control pin zynqWithWifiExp_i/myipBCM_0/inst/myipBCM_v1_0_S00_AXI_inst/timestampProcessor/ticker_reg[0]_LDC/G is not reached by a timing clock
Related violations: <none>

TIMING-20#2 Warning
Non-clocked latch  
The latch zynqWithWifiExp_i/myipBCM_0/inst/myipBCM_v1_0_S00_AXI_inst/timestampProcessor/ticker_reg[1]_LDC cannot be properly analyzed as its control pin zynqWithWifiExp_i/myipBCM_0/inst/myipBCM_v1_0_S00_AXI_inst/timestampProcessor/ticker_reg[1]_LDC/G is not reached by a timing clock
Related violations: <none>

TIMING-20#3 Warning
Non-clocked latch  
The latch zynqWithWifiExp_i/myipBCM_0/inst/myipBCM_v1_0_S00_AXI_inst/timestampProcessor/ticker_reg[2]_LDC cannot be properly analyzed as its control pin zynqWithWifiExp_i/myipBCM_0/inst/myipBCM_v1_0_S00_AXI_inst/timestampProcessor/ticker_reg[2]_LDC/G is not reached by a timing clock
Related violations: <none>

TIMING-20#4 Warning
Non-clocked latch  
The latch zynqWithWifiExp_i/myipBCM_0/inst/myipBCM_v1_0_S00_AXI_inst/timestampProcessor/ticker_reg[3]_LDC cannot be properly analyzed as its control pin zynqWithWifiExp_i/myipBCM_0/inst/myipBCM_v1_0_S00_AXI_inst/timestampProcessor/ticker_reg[3]_LDC/G is not reached by a timing clock
Related violations: <none>

TIMING-20#5 Warning
Non-clocked latch  
The latch zynqWithWifiExp_i/myipBCM_0/inst/myipBCM_v1_0_S00_AXI_inst/timestampProcessor/ticker_reg[4]_LDC cannot be properly analyzed as its control pin zynqWithWifiExp_i/myipBCM_0/inst/myipBCM_v1_0_S00_AXI_inst/timestampProcessor/ticker_reg[4]_LDC/G is not reached by a timing clock
Related violations: <none>

TIMING-20#6 Warning
Non-clocked latch  
The latch zynqWithWifiExp_i/myipBCM_0/inst/myipBCM_v1_0_S00_AXI_inst/timestampProcessor/ticker_reg[5]_LDC cannot be properly analyzed as its control pin zynqWithWifiExp_i/myipBCM_0/inst/myipBCM_v1_0_S00_AXI_inst/timestampProcessor/ticker_reg[5]_LDC/G is not reached by a timing clock
Related violations: <none>

TIMING-20#7 Warning
Non-clocked latch  
The latch zynqWithWifiExp_i/myipBCM_0/inst/myipBCM_v1_0_S00_AXI_inst/timestampProcessor/ticker_reg[6]_LDC cannot be properly analyzed as its control pin zynqWithWifiExp_i/myipBCM_0/inst/myipBCM_v1_0_S00_AXI_inst/timestampProcessor/ticker_reg[6]_LDC/G is not reached by a timing clock
Related violations: <none>

TIMING-20#8 Warning
Non-clocked latch  
The latch zynqWithWifiExp_i/myipBCM_0/inst/myipBCM_v1_0_S00_AXI_inst/timestampProcessor/ticker_reg[7]_LDC cannot be properly analyzed as its control pin zynqWithWifiExp_i/myipBCM_0/inst/myipBCM_v1_0_S00_AXI_inst/timestampProcessor/ticker_reg[7]_LDC/G is not reached by a timing clock
Related violations: <none>


